
> stock-platform-frontend@1.0.0 dev
> next dev

   ▲ Next.js 14.0.3
   - Local:        http://localhost:3000
   - Environments: .env.local

 ⚠ Invalid next.config.js options detected: 
 ⚠     Unrecognized key(s) in object: 'appDir' at "experimental"
 ⚠ See more info here: https://nextjs.org/docs/messages/invalid-next-config
 ✓ Ready in 1961ms
 ⚠ Found a change in next.config.js. Restarting the server to apply the changes...
   ▲ Next.js 14.0.3
   - Local:        http://localhost:3000
   - Environments: .env.local

 ⚠ Invalid next.config.js options detected: 
 ⚠     Unrecognized key(s) in object: 'appDir' at "experimental"
 ⚠ See more info here: https://nextjs.org/docs/messages/invalid-next-config
 ✓ Ready in 1886ms
 ○ Compiling / ...
 ✓ Compiled / in 2.6s (725 modules)
 ✓ Compiled in 158ms (325 modules)
